{
  "stats": {
    "suites": 1,
    "tests": 1,
    "passes": 1,
    "pending": 0,
    "failures": 0,
    "start": "2026-02-24T05:00:12.875Z",
    "end": "2026-02-24T05:00:20.845Z",
    "duration": 7970,
    "testsRegistered": 1,
    "passPercent": 100,
    "pendingPercent": 0,
    "other": 0,
    "hasOther": false,
    "skipped": 0,
    "hasSkipped": false
  },
  "results": [
    {
      "uuid": "f91d9443-4315-4518-b3ba-3cb78f2721d0",
      "title": "",
      "fullFile": "cypress\\e2e\\m23\\login.cy.js",
      "file": "cypress\\e2e\\m23\\login.cy.js",
      "beforeHooks": [],
      "afterHooks": [],
      "tests": [],
      "suites": [
        {
          "uuid": "a08ca8b3-4fb5-43e6-b6c0-90b7e5dc7e2b",
          "title": "M23 - Login",
          "fullFile": "",
          "file": "",
          "beforeHooks": [],
          "afterHooks": [],
          "tests": [
            {
              "title": "deve logar com sucesso (sem validar rota)",
              "fullTitle": "M23 - Login deve logar com sucesso (sem validar rota)",
              "timedOut": null,
              "duration": 4971,
              "state": "passed",
              "speed": "fast",
              "pass": true,
              "fail": false,
              "pending": false,
              "context": null,
              "code": "cy.intercept('POST', '**/public/authUser*').as('authUser');\ncy.login('cliente@ebac.art.br', 'GD*peToHNJ1#c$sgk08EaYJQ');\n// valida que a API de login respondeu 200\ncy.wait('@authUser').its('response.statusCode').should('eq', 200);\ncy.get('[href=\"/Tab/Browse\"]').should('be.visible');",
              "err": {},
              "uuid": "df26fc6b-4d1c-4ab2-9379-356d93804a6b",
              "parentUUID": "a08ca8b3-4fb5-43e6-b6c0-90b7e5dc7e2b",
              "isHook": false,
              "skipped": false
            }
          ],
          "suites": [],
          "passes": [
            "df26fc6b-4d1c-4ab2-9379-356d93804a6b"
          ],
          "failures": [],
          "pending": [],
          "skipped": [],
          "duration": 4971,
          "root": false,
          "rootEmpty": false,
          "_timeout": 2000
        }
      ],
      "passes": [],
      "failures": [],
      "pending": [],
      "skipped": [],
      "duration": 0,
      "root": true,
      "rootEmpty": true,
      "_timeout": 2000
    }
  ],
  "meta": {
    "mocha": {
      "version": "7.2.0"
    },
    "mochawesome": {
      "options": {
        "quiet": false,
        "reportFilename": "mochawesome",
        "saveHtml": false,
        "saveJson": true,
        "consoleReporter": "spec",
        "useInlineDiffs": false,
        "code": true
      },
      "version": "7.1.4"
    },
    "marge": {
      "options": {
        "reportDir": "cypress/reports/mochawesome",
        "overwrite": false,
        "html": false,
        "json": true
      },
      "version": "6.3.2"
    }
  }
}