{
  "stats": {
    "suites": 1,
    "tests": 1,
    "passes": 1,
    "pending": 0,
    "failures": 0,
    "start": "2026-02-24T04:59:39.334Z",
    "end": "2026-02-24T04:59:45.336Z",
    "duration": 6002,
    "testsRegistered": 1,
    "passPercent": 100,
    "pendingPercent": 0,
    "other": 0,
    "hasOther": false,
    "skipped": 0,
    "hasSkipped": false
  },
  "results": [
    {
      "uuid": "5adb8f78-9a61-444a-832a-644c4159d2bb",
      "title": "",
      "fullFile": "cypress\\e2e\\m22\\account.create.cy.js",
      "file": "cypress\\e2e\\m22\\account.create.cy.js",
      "beforeHooks": [],
      "afterHooks": [],
      "tests": [],
      "suites": [
        {
          "uuid": "00164058-1ac4-4b2e-af5a-a877f1748607",
          "title": "M22 - Criação de conta (Page Objects)",
          "fullFile": "",
          "file": "",
          "beforeHooks": [],
          "afterHooks": [],
          "tests": [
            {
              "title": "deve criar conta com sucesso",
              "fullTitle": "M22 - Criação de conta (Page Objects) deve criar conta com sucesso",
              "timedOut": null,
              "duration": 5980,
              "state": "passed",
              "speed": "medium",
              "pass": true,
              "fail": false,
              "pending": false,
              "context": null,
              "code": "const page = new _account.AccountPage();\nconst email = `lucas${Date.now()}@teste.com`;\nconst senha = \"Teste@12345\";\npage.visit();\npage.emailRegister().type(email).should(\"have.value\", email);\npage.passwordRegister().type(senha).should(\"have.value\", senha);\npage.submitRegister().click();\ncy.get(\"body\").should(\"be.visible\");",
              "err": {},
              "uuid": "9e392704-928c-4f90-92c5-0b35a47fc39c",
              "parentUUID": "00164058-1ac4-4b2e-af5a-a877f1748607",
              "isHook": false,
              "skipped": false
            }
          ],
          "suites": [],
          "passes": [
            "9e392704-928c-4f90-92c5-0b35a47fc39c"
          ],
          "failures": [],
          "pending": [],
          "skipped": [],
          "duration": 5980,
          "root": false,
          "rootEmpty": false,
          "_timeout": 2000
        }
      ],
      "passes": [],
      "failures": [],
      "pending": [],
      "skipped": [],
      "duration": 0,
      "root": true,
      "rootEmpty": true,
      "_timeout": 2000
    }
  ],
  "meta": {
    "mocha": {
      "version": "7.2.0"
    },
    "mochawesome": {
      "options": {
        "quiet": false,
        "reportFilename": "mochawesome",
        "saveHtml": false,
        "saveJson": true,
        "consoleReporter": "spec",
        "useInlineDiffs": false,
        "code": true
      },
      "version": "7.1.4"
    },
    "marge": {
      "options": {
        "reportDir": "cypress/reports/mochawesome",
        "overwrite": false,
        "html": false,
        "json": true
      },
      "version": "6.3.2"
    }
  }
}