{
  "stats": {
    "suites": 4,
    "tests": 5,
    "passes": 4,
    "pending": 0,
    "failures": 1,
    "testsRegistered": 5,
    "passPercent": 80,
    "pendingPercent": 0,
    "other": 0,
    "hasOther": false,
    "skipped": 0,
    "hasSkipped": false,
    "start": "2026-02-24T04:59:39.334Z",
    "end": "2026-02-24T05:00:20.845Z",
    "duration": 41511
  },
  "results": [
    {
      "uuid": "2799af0b-b362-4205-ad67-843286b01647",
      "title": "",
      "fullFile": "cypress\\e2e\\m22\\checkout.flow.cy.js",
      "file": "cypress\\e2e\\m22\\checkout.flow.cy.js",
      "beforeHooks": [],
      "afterHooks": [],
      "tests": [],
      "suites": [
        {
          "uuid": "ff89ab41-e5b8-4e7d-8b78-79be87268a32",
          "title": "M22 - Checkout (App Actions)",
          "fullFile": "",
          "file": "",
          "beforeHooks": [],
          "afterHooks": [],
          "tests": [
            {
              "title": "deve realizar o fluxo até o checkout e preencher dados",
              "fullTitle": "M22 - Checkout (App Actions) deve realizar o fluxo até o checkout e preencher dados",
              "timedOut": null,
              "duration": 10981,
              "state": "passed",
              "speed": "slow",
              "pass": true,
              "fail": false,
              "pending": false,
              "context": null,
              "code": "cy.fixture(\"address\").then(dados => {\n  (0, _checkout.doCheckout)(dados);\n});",
              "err": {},
              "uuid": "681fbf41-8500-4bbe-9639-fe14757ac860",
              "parentUUID": "ff89ab41-e5b8-4e7d-8b78-79be87268a32",
              "isHook": false,
              "skipped": false
            }
          ],
          "suites": [],
          "passes": [
            "681fbf41-8500-4bbe-9639-fe14757ac860"
          ],
          "failures": [],
          "pending": [],
          "skipped": [],
          "duration": 10981,
          "root": false,
          "rootEmpty": false,
          "_timeout": 2000
        }
      ],
      "passes": [],
      "failures": [],
      "pending": [],
      "skipped": [],
      "duration": 0,
      "root": true,
      "rootEmpty": true,
      "_timeout": 2000
    },
    {
      "uuid": "47bf973b-8d14-4035-bc6b-68bffebbabf5",
      "title": "",
      "fullFile": "cypress\\e2e\\m23\\cart.intercept.cy.js",
      "file": "cypress\\e2e\\m23\\cart.intercept.cy.js",
      "beforeHooks": [],
      "afterHooks": [],
      "tests": [],
      "suites": [
        {
          "uuid": "6ebc1f84-1dea-4bb7-8ca6-c86bff5a8ca8",
          "title": "M23 - Carrinho com Intercept",
          "fullFile": "",
          "file": "",
          "beforeHooks": [],
          "afterHooks": [],
          "tests": [
            {
              "title": "deve validar fluxo de carrinho com intercept (até botão Add To Cart)",
              "fullTitle": "M23 - Carrinho com Intercept deve validar fluxo de carrinho com intercept (até botão Add To Cart)",
              "timedOut": null,
              "duration": 8468,
              "state": "passed",
              "speed": "medium",
              "pass": true,
              "fail": false,
              "pending": false,
              "context": null,
              "code": "cy.intercept('GET', '**/public/getCart*', {\n  statusCode: 200,\n  body: {\n    success: true,\n    cart: {\n      items: []\n    }\n  }\n}).as('getCart');\ncy.intercept('PUT', '**/public/updateCart*', {\n  statusCode: 200,\n  body: {\n    success: true\n  }\n}).as('updateCart');\n// ir para browse\ncy.get('[href=\"/Tab/Browse\"]').click();\ncy.get('[data-testid=\"browse-product-list\"]').scrollTo('bottom');\ncy.get('[data-testid=\"productDetails\"]').should('have.length.greaterThan', 0).last().click();\ncy.get('[data-testid=\"addToCart\"]').scrollIntoView().should('be.visible').and('contain.text', 'Add To Cart');",
              "err": {},
              "uuid": "87bcec80-5728-4f29-9ef6-429024cddbbe",
              "parentUUID": "6ebc1f84-1dea-4bb7-8ca6-c86bff5a8ca8",
              "isHook": false,
              "skipped": false
            },
            {
              "title": "deve remover item do carrinho",
              "fullTitle": "M23 - Carrinho com Intercept deve remover item do carrinho",
              "timedOut": null,
              "duration": 3722,
              "state": "failed",
              "speed": null,
              "pass": false,
              "fail": true,
              "pending": false,
              "context": null,
              "code": "cy.intercept('GET', '**/public/getCart*', {\n  statusCode: 200,\n  body: {\n    success: true,\n    cart: {\n      items: [{\n        productId: 'fake-1',\n        name: 'Tênis Esportivo',\n        price: 150,\n        quantity: 1\n      }]\n    }\n  }\n}).as('getCartComItem');\ncy.intercept('PUT', '**/public/updateCart*', {\n  statusCode: 200,\n  body: {\n    success: true\n  }\n}).as('updateCart');\ncy.visit('/Tab/Cart');\ncy.wait('@getCartComItem');\ncy.get('[data-testid=\"removeItem\"]').should('be.visible').click({\n  force: true\n});\ncy.wait('@updateCart');",
              "err": {
                "message": "SyntaxError: The following error originated from your application code, not from Cypress.\n\n  > Unexpected token '<'\n\nWhen Cypress detects uncaught errors originating from your application it will automatically fail the current test.\n\nThis behavior is configurable, and you can choose to turn this off by listening to the `uncaught:exception` event.\n\nhttps://on.cypress.io/uncaught-exception-from-application",
                "estack": "SyntaxError: The following error originated from your application code, not from Cypress.\n\n  > Unexpected token '<'\n\nWhen Cypress detects uncaught errors originating from your application it will automatically fail the current test.\n\nThis behavior is configurable, and you can choose to turn this off by listening to the `uncaught:exception` event.\n\nhttps://on.cypress.io/uncaught-exception-from-application",
                "diff": null
              },
              "uuid": "f9d335dc-766a-4229-ba30-9fdc42982517",
              "parentUUID": "6ebc1f84-1dea-4bb7-8ca6-c86bff5a8ca8",
              "isHook": false,
              "skipped": false
            }
          ],
          "suites": [],
          "passes": [
            "87bcec80-5728-4f29-9ef6-429024cddbbe"
          ],
          "failures": [
            "f9d335dc-766a-4229-ba30-9fdc42982517"
          ],
          "pending": [],
          "skipped": [],
          "duration": 12190,
          "root": false,
          "rootEmpty": false,
          "_timeout": 2000
        }
      ],
      "passes": [],
      "failures": [],
      "pending": [],
      "skipped": [],
      "duration": 0,
      "root": true,
      "rootEmpty": true,
      "_timeout": 2000
    },
    {
      "uuid": "f91d9443-4315-4518-b3ba-3cb78f2721d0",
      "title": "",
      "fullFile": "cypress\\e2e\\m23\\login.cy.js",
      "file": "cypress\\e2e\\m23\\login.cy.js",
      "beforeHooks": [],
      "afterHooks": [],
      "tests": [],
      "suites": [
        {
          "uuid": "a08ca8b3-4fb5-43e6-b6c0-90b7e5dc7e2b",
          "title": "M23 - Login",
          "fullFile": "",
          "file": "",
          "beforeHooks": [],
          "afterHooks": [],
          "tests": [
            {
              "title": "deve logar com sucesso (sem validar rota)",
              "fullTitle": "M23 - Login deve logar com sucesso (sem validar rota)",
              "timedOut": null,
              "duration": 4971,
              "state": "passed",
              "speed": "fast",
              "pass": true,
              "fail": false,
              "pending": false,
              "context": null,
              "code": "cy.intercept('POST', '**/public/authUser*').as('authUser');\ncy.login('cliente@ebac.art.br', 'GD*peToHNJ1#c$sgk08EaYJQ');\n// valida que a API de login respondeu 200\ncy.wait('@authUser').its('response.statusCode').should('eq', 200);\ncy.get('[href=\"/Tab/Browse\"]').should('be.visible');",
              "err": {},
              "uuid": "df26fc6b-4d1c-4ab2-9379-356d93804a6b",
              "parentUUID": "a08ca8b3-4fb5-43e6-b6c0-90b7e5dc7e2b",
              "isHook": false,
              "skipped": false
            }
          ],
          "suites": [],
          "passes": [
            "df26fc6b-4d1c-4ab2-9379-356d93804a6b"
          ],
          "failures": [],
          "pending": [],
          "skipped": [],
          "duration": 4971,
          "root": false,
          "rootEmpty": false,
          "_timeout": 2000
        }
      ],
      "passes": [],
      "failures": [],
      "pending": [],
      "skipped": [],
      "duration": 0,
      "root": true,
      "rootEmpty": true,
      "_timeout": 2000
    },
    {
      "uuid": "5adb8f78-9a61-444a-832a-644c4159d2bb",
      "title": "",
      "fullFile": "cypress\\e2e\\m22\\account.create.cy.js",
      "file": "cypress\\e2e\\m22\\account.create.cy.js",
      "beforeHooks": [],
      "afterHooks": [],
      "tests": [],
      "suites": [
        {
          "uuid": "00164058-1ac4-4b2e-af5a-a877f1748607",
          "title": "M22 - Criação de conta (Page Objects)",
          "fullFile": "",
          "file": "",
          "beforeHooks": [],
          "afterHooks": [],
          "tests": [
            {
              "title": "deve criar conta com sucesso",
              "fullTitle": "M22 - Criação de conta (Page Objects) deve criar conta com sucesso",
              "timedOut": null,
              "duration": 5980,
              "state": "passed",
              "speed": "medium",
              "pass": true,
              "fail": false,
              "pending": false,
              "context": null,
              "code": "const page = new _account.AccountPage();\nconst email = `lucas${Date.now()}@teste.com`;\nconst senha = \"Teste@12345\";\npage.visit();\npage.emailRegister().type(email).should(\"have.value\", email);\npage.passwordRegister().type(senha).should(\"have.value\", senha);\npage.submitRegister().click();\ncy.get(\"body\").should(\"be.visible\");",
              "err": {},
              "uuid": "9e392704-928c-4f90-92c5-0b35a47fc39c",
              "parentUUID": "00164058-1ac4-4b2e-af5a-a877f1748607",
              "isHook": false,
              "skipped": false
            }
          ],
          "suites": [],
          "passes": [
            "9e392704-928c-4f90-92c5-0b35a47fc39c"
          ],
          "failures": [],
          "pending": [],
          "skipped": [],
          "duration": 5980,
          "root": false,
          "rootEmpty": false,
          "_timeout": 2000
        }
      ],
      "passes": [],
      "failures": [],
      "pending": [],
      "skipped": [],
      "duration": 0,
      "root": true,
      "rootEmpty": true,
      "_timeout": 2000
    }
  ],
  "meta": {
    "mocha": {
      "version": "7.2.0"
    },
    "mochawesome": {
      "options": {
        "quiet": false,
        "reportFilename": "mochawesome",
        "saveHtml": false,
        "saveJson": true,
        "consoleReporter": "spec",
        "useInlineDiffs": false,
        "code": true
      },
      "version": "7.1.4"
    },
    "marge": {
      "options": {
        "reportDir": "cypress/reports/mochawesome",
        "overwrite": false,
        "html": false,
        "json": true
      },
      "version": "6.3.2"
    }
  }
}